INFO:sqlalchemy.engine.Engine:select pg_catalog.version()
INFO:sqlalchemy.engine.Engine:[raw sql] {}
INFO:sqlalchemy.engine.Engine:select current_schema()
INFO:sqlalchemy.engine.Engine:[raw sql] {}
INFO:sqlalchemy.engine.Engine:show standard_conforming_strings
INFO:sqlalchemy.engine.Engine:[raw sql] {}
INFO:sqlalchemy.engine.Engine:BEGIN (implicit)
INFO:sqlalchemy.engine.Engine:SELECT pg_catalog.pg_class.relname 
FROM pg_catalog.pg_class JOIN pg_catalog.pg_namespace ON pg_catalog.pg_namespace.oid = pg_catalog.pg_class.relnamespace 
WHERE pg_catalog.pg_class.relname = %(table_name)s AND pg_catalog.pg_class.relkind = ANY (ARRAY[%(param_1)s, %(param_2)s, %(param_3)s, %(param_4)s, %(param_5)s]) AND pg_catalog.pg_table_is_visible(pg_catalog.pg_class.oid) AND pg_catalog.pg_namespace.nspname != %(nspname_1)s
INFO:sqlalchemy.engine.Engine:[generated in 0.00116s] {'table_name': 'sets', 'param_1': 'r', 'param_2': 'p', 'param_3': 'f', 'param_4': 'v', 'param_5': 'm', 'nspname_1': 'pg_catalog'}
INFO:sqlalchemy.engine.Engine:SELECT pg_catalog.pg_class.relname 
FROM pg_catalog.pg_class JOIN pg_catalog.pg_namespace ON pg_catalog.pg_namespace.oid = pg_catalog.pg_class.relnamespace 
WHERE pg_catalog.pg_class.relname = %(table_name)s AND pg_catalog.pg_class.relkind = ANY (ARRAY[%(param_1)s, %(param_2)s, %(param_3)s, %(param_4)s, %(param_5)s]) AND pg_catalog.pg_table_is_visible(pg_catalog.pg_class.oid) AND pg_catalog.pg_namespace.nspname != %(nspname_1)s
INFO:sqlalchemy.engine.Engine:[cached since 0.01711s ago] {'table_name': 'cylinders', 'param_1': 'r', 'param_2': 'p', 'param_3': 'f', 'param_4': 'v', 'param_5': 'm', 'nspname_1': 'pg_catalog'}
INFO:sqlalchemy.engine.Engine:SELECT pg_catalog.pg_class.relname 
FROM pg_catalog.pg_class JOIN pg_catalog.pg_namespace ON pg_catalog.pg_namespace.oid = pg_catalog.pg_class.relnamespace 
WHERE pg_catalog.pg_class.relname = %(table_name)s AND pg_catalog.pg_class.relkind = ANY (ARRAY[%(param_1)s, %(param_2)s, %(param_3)s, %(param_4)s, %(param_5)s]) AND pg_catalog.pg_table_is_visible(pg_catalog.pg_class.oid) AND pg_catalog.pg_namespace.nspname != %(nspname_1)s
INFO:sqlalchemy.engine.Engine:[cached since 0.02541s ago] {'table_name': 'specimen_type', 'param_1': 'r', 'param_2': 'p', 'param_3': 'f', 'param_4': 'v', 'param_5': 'm', 'nspname_1': 'pg_catalog'}
INFO:sqlalchemy.engine.Engine:SELECT pg_catalog.pg_class.relname 
FROM pg_catalog.pg_class JOIN pg_catalog.pg_namespace ON pg_catalog.pg_namespace.oid = pg_catalog.pg_class.relnamespace 
WHERE pg_catalog.pg_class.relname = %(table_name)s AND pg_catalog.pg_class.relkind = ANY (ARRAY[%(param_1)s, %(param_2)s, %(param_3)s, %(param_4)s, %(param_5)s]) AND pg_catalog.pg_table_is_visible(pg_catalog.pg_class.oid) AND pg_catalog.pg_namespace.nspname != %(nspname_1)s
INFO:sqlalchemy.engine.Engine:[cached since 0.0326s ago] {'table_name': 'mix_design', 'param_1': 'r', 'param_2': 'p', 'param_3': 'f', 'param_4': 'v', 'param_5': 'm', 'nspname_1': 'pg_catalog'}
INFO:sqlalchemy.engine.Engine:SELECT pg_catalog.pg_class.relname 
FROM pg_catalog.pg_class JOIN pg_catalog.pg_namespace ON pg_catalog.pg_namespace.oid = pg_catalog.pg_class.relnamespace 
WHERE pg_catalog.pg_class.relname = %(table_name)s AND pg_catalog.pg_class.relkind = ANY (ARRAY[%(param_1)s, %(param_2)s, %(param_3)s, %(param_4)s, %(param_5)s]) AND pg_catalog.pg_table_is_visible(pg_catalog.pg_class.oid) AND pg_catalog.pg_namespace.nspname != %(nspname_1)s
INFO:sqlalchemy.engine.Engine:[cached since 0.04199s ago] {'table_name': 'mix_used', 'param_1': 'r', 'param_2': 'p', 'param_3': 'f', 'param_4': 'v', 'param_5': 'm', 'nspname_1': 'pg_catalog'}
INFO:sqlalchemy.engine.Engine:SELECT pg_catalog.pg_class.relname 
FROM pg_catalog.pg_class JOIN pg_catalog.pg_namespace ON pg_catalog.pg_namespace.oid = pg_catalog.pg_class.relnamespace 
WHERE pg_catalog.pg_class.relname = %(table_name)s AND pg_catalog.pg_class.relkind = ANY (ARRAY[%(param_1)s, %(param_2)s, %(param_3)s, %(param_4)s, %(param_5)s]) AND pg_catalog.pg_table_is_visible(pg_catalog.pg_class.oid) AND pg_catalog.pg_namespace.nspname != %(nspname_1)s
INFO:sqlalchemy.engine.Engine:[cached since 0.04898s ago] {'table_name': 'clients', 'param_1': 'r', 'param_2': 'p', 'param_3': 'f', 'param_4': 'v', 'param_5': 'm', 'nspname_1': 'pg_catalog'}
INFO:sqlalchemy.engine.Engine:SELECT pg_catalog.pg_class.relname 
FROM pg_catalog.pg_class JOIN pg_catalog.pg_namespace ON pg_catalog.pg_namespace.oid = pg_catalog.pg_class.relnamespace 
WHERE pg_catalog.pg_class.relname = %(table_name)s AND pg_catalog.pg_class.relkind = ANY (ARRAY[%(param_1)s, %(param_2)s, %(param_3)s, %(param_4)s, %(param_5)s]) AND pg_catalog.pg_table_is_visible(pg_catalog.pg_class.oid) AND pg_catalog.pg_namespace.nspname != %(nspname_1)s
INFO:sqlalchemy.engine.Engine:[cached since 0.05659s ago] {'table_name': 'projects', 'param_1': 'r', 'param_2': 'p', 'param_3': 'f', 'param_4': 'v', 'param_5': 'm', 'nspname_1': 'pg_catalog'}
INFO:sqlalchemy.engine.Engine:COMMIT
INFO:werkzeug:[31m[1mWARNING: This is a development server. Do not use it in a production deployment. Use a production WSGI server instead.[0m
 * Running on http://127.0.0.1:5000
INFO:werkzeug:[33mPress CTRL+C to quit[0m
INFO:werkzeug: * Restarting with stat
INFO:sqlalchemy.engine.Engine:select pg_catalog.version()
INFO:sqlalchemy.engine.Engine:[raw sql] {}
INFO:sqlalchemy.engine.Engine:select current_schema()
INFO:sqlalchemy.engine.Engine:[raw sql] {}
INFO:sqlalchemy.engine.Engine:show standard_conforming_strings
INFO:sqlalchemy.engine.Engine:[raw sql] {}
INFO:sqlalchemy.engine.Engine:BEGIN (implicit)
INFO:sqlalchemy.engine.Engine:SELECT pg_catalog.pg_class.relname 
FROM pg_catalog.pg_class JOIN pg_catalog.pg_namespace ON pg_catalog.pg_namespace.oid = pg_catalog.pg_class.relnamespace 
WHERE pg_catalog.pg_class.relname = %(table_name)s AND pg_catalog.pg_class.relkind = ANY (ARRAY[%(param_1)s, %(param_2)s, %(param_3)s, %(param_4)s, %(param_5)s]) AND pg_catalog.pg_table_is_visible(pg_catalog.pg_class.oid) AND pg_catalog.pg_namespace.nspname != %(nspname_1)s
INFO:sqlalchemy.engine.Engine:[generated in 0.00069s] {'table_name': 'sets', 'param_1': 'r', 'param_2': 'p', 'param_3': 'f', 'param_4': 'v', 'param_5': 'm', 'nspname_1': 'pg_catalog'}
INFO:sqlalchemy.engine.Engine:SELECT pg_catalog.pg_class.relname 
FROM pg_catalog.pg_class JOIN pg_catalog.pg_namespace ON pg_catalog.pg_namespace.oid = pg_catalog.pg_class.relnamespace 
WHERE pg_catalog.pg_class.relname = %(table_name)s AND pg_catalog.pg_class.relkind = ANY (ARRAY[%(param_1)s, %(param_2)s, %(param_3)s, %(param_4)s, %(param_5)s]) AND pg_catalog.pg_table_is_visible(pg_catalog.pg_class.oid) AND pg_catalog.pg_namespace.nspname != %(nspname_1)s
INFO:sqlalchemy.engine.Engine:[cached since 0.0114s ago] {'table_name': 'cylinders', 'param_1': 'r', 'param_2': 'p', 'param_3': 'f', 'param_4': 'v', 'param_5': 'm', 'nspname_1': 'pg_catalog'}
INFO:sqlalchemy.engine.Engine:SELECT pg_catalog.pg_class.relname 
FROM pg_catalog.pg_class JOIN pg_catalog.pg_namespace ON pg_catalog.pg_namespace.oid = pg_catalog.pg_class.relnamespace 
WHERE pg_catalog.pg_class.relname = %(table_name)s AND pg_catalog.pg_class.relkind = ANY (ARRAY[%(param_1)s, %(param_2)s, %(param_3)s, %(param_4)s, %(param_5)s]) AND pg_catalog.pg_table_is_visible(pg_catalog.pg_class.oid) AND pg_catalog.pg_namespace.nspname != %(nspname_1)s
INFO:sqlalchemy.engine.Engine:[cached since 0.02016s ago] {'table_name': 'specimen_type', 'param_1': 'r', 'param_2': 'p', 'param_3': 'f', 'param_4': 'v', 'param_5': 'm', 'nspname_1': 'pg_catalog'}
INFO:sqlalchemy.engine.Engine:SELECT pg_catalog.pg_class.relname 
FROM pg_catalog.pg_class JOIN pg_catalog.pg_namespace ON pg_catalog.pg_namespace.oid = pg_catalog.pg_class.relnamespace 
WHERE pg_catalog.pg_class.relname = %(table_name)s AND pg_catalog.pg_class.relkind = ANY (ARRAY[%(param_1)s, %(param_2)s, %(param_3)s, %(param_4)s, %(param_5)s]) AND pg_catalog.pg_table_is_visible(pg_catalog.pg_class.oid) AND pg_catalog.pg_namespace.nspname != %(nspname_1)s
INFO:sqlalchemy.engine.Engine:[cached since 0.02608s ago] {'table_name': 'mix_design', 'param_1': 'r', 'param_2': 'p', 'param_3': 'f', 'param_4': 'v', 'param_5': 'm', 'nspname_1': 'pg_catalog'}
INFO:sqlalchemy.engine.Engine:SELECT pg_catalog.pg_class.relname 
FROM pg_catalog.pg_class JOIN pg_catalog.pg_namespace ON pg_catalog.pg_namespace.oid = pg_catalog.pg_class.relnamespace 
WHERE pg_catalog.pg_class.relname = %(table_name)s AND pg_catalog.pg_class.relkind = ANY (ARRAY[%(param_1)s, %(param_2)s, %(param_3)s, %(param_4)s, %(param_5)s]) AND pg_catalog.pg_table_is_visible(pg_catalog.pg_class.oid) AND pg_catalog.pg_namespace.nspname != %(nspname_1)s
INFO:sqlalchemy.engine.Engine:[cached since 0.03134s ago] {'table_name': 'mix_used', 'param_1': 'r', 'param_2': 'p', 'param_3': 'f', 'param_4': 'v', 'param_5': 'm', 'nspname_1': 'pg_catalog'}
INFO:sqlalchemy.engine.Engine:SELECT pg_catalog.pg_class.relname 
FROM pg_catalog.pg_class JOIN pg_catalog.pg_namespace ON pg_catalog.pg_namespace.oid = pg_catalog.pg_class.relnamespace 
WHERE pg_catalog.pg_class.relname = %(table_name)s AND pg_catalog.pg_class.relkind = ANY (ARRAY[%(param_1)s, %(param_2)s, %(param_3)s, %(param_4)s, %(param_5)s]) AND pg_catalog.pg_table_is_visible(pg_catalog.pg_class.oid) AND pg_catalog.pg_namespace.nspname != %(nspname_1)s
INFO:sqlalchemy.engine.Engine:[cached since 0.03694s ago] {'table_name': 'clients', 'param_1': 'r', 'param_2': 'p', 'param_3': 'f', 'param_4': 'v', 'param_5': 'm', 'nspname_1': 'pg_catalog'}
INFO:sqlalchemy.engine.Engine:SELECT pg_catalog.pg_class.relname 
FROM pg_catalog.pg_class JOIN pg_catalog.pg_namespace ON pg_catalog.pg_namespace.oid = pg_catalog.pg_class.relnamespace 
WHERE pg_catalog.pg_class.relname = %(table_name)s AND pg_catalog.pg_class.relkind = ANY (ARRAY[%(param_1)s, %(param_2)s, %(param_3)s, %(param_4)s, %(param_5)s]) AND pg_catalog.pg_table_is_visible(pg_catalog.pg_class.oid) AND pg_catalog.pg_namespace.nspname != %(nspname_1)s
INFO:sqlalchemy.engine.Engine:[cached since 0.04324s ago] {'table_name': 'projects', 'param_1': 'r', 'param_2': 'p', 'param_3': 'f', 'param_4': 'v', 'param_5': 'm', 'nspname_1': 'pg_catalog'}
INFO:sqlalchemy.engine.Engine:COMMIT
WARNING:werkzeug: * Debugger is active!
INFO:werkzeug: * Debugger PIN: 303-400-906
INFO:werkzeug: * Detected change in 'C:\\Users\\hthor\\Documents\\NucampFolder\\Python\\3-DevOps\\Portfolio\\Portfolio concrete and engineering\\Concrete\\src\\__init__.py', reloading
INFO:werkzeug: * Restarting with stat
WARNING:werkzeug: * Debugger is active!
INFO:werkzeug: * Debugger PIN: 303-400-906
INFO:sqlalchemy.engine.Engine:select pg_catalog.version()
INFO:sqlalchemy.engine.Engine:[raw sql] {}
INFO:sqlalchemy.engine.Engine:select current_schema()
INFO:sqlalchemy.engine.Engine:[raw sql] {}
INFO:sqlalchemy.engine.Engine:show standard_conforming_strings
INFO:sqlalchemy.engine.Engine:[raw sql] {}
INFO:sqlalchemy.engine.Engine:BEGIN (implicit)
INFO:sqlalchemy.engine.Engine:INSERT INTO clients (name, address, city, state, postalcode, country) VALUES (%(name)s, %(address)s, %(city)s, %(state)s, %(postalcode)s, %(country)s) RETURNING clients.id
INFO:sqlalchemy.engine.Engine:[generated in 0.00078s] {'name': 'awesome cool', 'address': None, 'city': 'Shelbyville', 'state': None, 'postalcode': None, 'country': 'USA'}
INFO:sqlalchemy.engine.Engine:COMMIT
INFO:sqlalchemy.engine.Engine:BEGIN (implicit)
INFO:sqlalchemy.engine.Engine:SELECT clients.id AS clients_id, clients.name AS clients_name, clients.address AS clients_address, clients.city AS clients_city, clients.state AS clients_state, clients.postalcode AS clients_postalcode, clients.country AS clients_country 
FROM clients 
WHERE clients.id = %(pk_1)s
INFO:sqlalchemy.engine.Engine:[generated in 0.00092s] {'pk_1': 1}
INFO:sqlalchemy.engine.Engine:ROLLBACK
INFO:werkzeug:127.0.0.1 - - [01/Mar/2023 19:27:42] "POST /api/clients HTTP/1.1" 200 -
INFO:sqlalchemy.engine.Engine:BEGIN (implicit)
INFO:sqlalchemy.engine.Engine:INSERT INTO clients (name, address, city, state, postalcode, country) VALUES (%(name)s, %(address)s, %(city)s, %(state)s, %(postalcode)s, %(country)s) RETURNING clients.id
INFO:sqlalchemy.engine.Engine:[cached since 158.9s ago] {'name': 'awesome cool', 'address': None, 'city': 'Shelbyville', 'state': 'Child', 'postalcode': None, 'country': 'USA'}
INFO:sqlalchemy.engine.Engine:ROLLBACK
ERROR:root:(psycopg2.errors.StringDataRightTruncation) value too long for type character varying(2)

[SQL: INSERT INTO clients (name, address, city, state, postalcode, country) VALUES (%(name)s, %(address)s, %(city)s, %(state)s, %(postalcode)s, %(country)s) RETURNING clients.id]
[parameters: {'name': 'awesome cool', 'address': None, 'city': 'Shelbyville', 'state': 'Child', 'postalcode': None, 'country': 'USA'}]
(Background on this error at: https://sqlalche.me/e/20/9h9h)
INFO:werkzeug:127.0.0.1 - - [01/Mar/2023 19:30:21] "[31m[1mPOST /api/clients HTTP/1.1[0m" 400 -
INFO:werkzeug: * Detected change in 'C:\\Users\\hthor\\Documents\\NucampFolder\\Python\\3-DevOps\\Portfolio\\Portfolio concrete and engineering\\Concrete\\src\\api\\clients.py', reloading
INFO:werkzeug: * Restarting with stat
WARNING:werkzeug: * Debugger is active!
INFO:werkzeug: * Debugger PIN: 303-400-906
INFO:sqlalchemy.engine.Engine:select pg_catalog.version()
INFO:sqlalchemy.engine.Engine:[raw sql] {}
INFO:sqlalchemy.engine.Engine:select current_schema()
INFO:sqlalchemy.engine.Engine:[raw sql] {}
INFO:sqlalchemy.engine.Engine:show standard_conforming_strings
INFO:sqlalchemy.engine.Engine:[raw sql] {}
INFO:sqlalchemy.engine.Engine:BEGIN (implicit)
INFO:sqlalchemy.engine.Engine:INSERT INTO clients (name, address, city, state, postalcode, country) VALUES (%(name)s, %(address)s, %(city)s, %(state)s, %(postalcode)s, %(country)s) RETURNING clients.id
INFO:sqlalchemy.engine.Engine:[generated in 0.00110s] {'name': 'awesome cool', 'address': None, 'city': 'Shelbyville', 'state': 'Child', 'postalcode': None, 'country': 'USA'}
INFO:sqlalchemy.engine.Engine:ROLLBACK
ERROR:root:(psycopg2.errors.StringDataRightTruncation) value too long for type character varying(2)

[SQL: INSERT INTO clients (name, address, city, state, postalcode, country) VALUES (%(name)s, %(address)s, %(city)s, %(state)s, %(postalcode)s, %(country)s) RETURNING clients.id]
[parameters: {'name': 'awesome cool', 'address': None, 'city': 'Shelbyville', 'state': 'Child', 'postalcode': None, 'country': 'USA'}]
(Background on this error at: https://sqlalche.me/e/20/9h9h)
INFO:werkzeug:127.0.0.1 - - [01/Mar/2023 19:32:37] "[35m[1mPOST /api/clients HTTP/1.1[0m" 500 -
INFO:werkzeug:127.0.0.1 - - [01/Mar/2023 19:32:40] "GET /api/clients?__debugger__=yes&cmd=resource&f=style.css HTTP/1.1" 200 -
INFO:werkzeug:127.0.0.1 - - [01/Mar/2023 19:32:40] "GET /api/clients?__debugger__=yes&cmd=resource&f=debugger.js HTTP/1.1" 200 -
INFO:werkzeug:127.0.0.1 - - [01/Mar/2023 19:32:40] "[36mGET /api/clients?__debugger__=yes&cmd=resource&f=console.png HTTP/1.1[0m" 304 -
INFO:werkzeug: * Detected change in 'C:\\Users\\hthor\\Documents\\NucampFolder\\Python\\3-DevOps\\Portfolio\\Portfolio concrete and engineering\\Concrete\\src\\api\\clients.py', reloading
INFO:werkzeug: * Restarting with stat
WARNING:werkzeug: * Debugger is active!
INFO:werkzeug: * Debugger PIN: 303-400-906
INFO:sqlalchemy.engine.Engine:select pg_catalog.version()
INFO:sqlalchemy.engine.Engine:[raw sql] {}
INFO:sqlalchemy.engine.Engine:select current_schema()
INFO:sqlalchemy.engine.Engine:[raw sql] {}
INFO:sqlalchemy.engine.Engine:show standard_conforming_strings
INFO:sqlalchemy.engine.Engine:[raw sql] {}
INFO:sqlalchemy.engine.Engine:BEGIN (implicit)
INFO:sqlalchemy.engine.Engine:INSERT INTO clients (name, address, city, state, postalcode, country) VALUES (%(name)s, %(address)s, %(city)s, %(state)s, %(postalcode)s, %(country)s) RETURNING clients.id
INFO:sqlalchemy.engine.Engine:[generated in 0.00106s] {'name': 'awesome cool', 'address': None, 'city': 'Shelbyville', 'state': 'Child', 'postalcode': None, 'country': 'USA'}
INFO:sqlalchemy.engine.Engine:ROLLBACK
ERROR:root:(psycopg2.errors.StringDataRightTruncation) value too long for type character varying(2)

[SQL: INSERT INTO clients (name, address, city, state, postalcode, country) VALUES (%(name)s, %(address)s, %(city)s, %(state)s, %(postalcode)s, %(country)s) RETURNING clients.id]
[parameters: {'name': 'awesome cool', 'address': None, 'city': 'Shelbyville', 'state': 'Child', 'postalcode': None, 'country': 'USA'}]
(Background on this error at: https://sqlalche.me/e/20/9h9h)
INFO:werkzeug:127.0.0.1 - - [01/Mar/2023 19:33:18] "POST /api/clients HTTP/1.1" 200 -
INFO:werkzeug: * Detected change in 'C:\\Users\\hthor\\Documents\\NucampFolder\\Python\\3-DevOps\\Portfolio\\Portfolio concrete and engineering\\Concrete\\src\\api\\clients.py', reloading
INFO:werkzeug: * Restarting with stat
WARNING:werkzeug: * Debugger is active!
INFO:werkzeug: * Debugger PIN: 303-400-906
INFO:werkzeug: * Detected change in 'C:\\Users\\hthor\\Documents\\NucampFolder\\Python\\3-DevOps\\Portfolio\\Portfolio concrete and engineering\\Concrete\\src\\api\\clients.py', reloading
INFO:werkzeug: * Restarting with stat
WARNING:werkzeug: * Debugger is active!
INFO:werkzeug: * Debugger PIN: 303-400-906
INFO:werkzeug: * Detected change in 'C:\\Users\\hthor\\Documents\\NucampFolder\\Python\\3-DevOps\\Portfolio\\Portfolio concrete and engineering\\Concrete\\src\\api\\clients.py', reloading
INFO:werkzeug: * Restarting with stat
WARNING:werkzeug: * Debugger is active!
INFO:werkzeug: * Debugger PIN: 303-400-906
INFO:werkzeug: * Detected change in 'C:\\Users\\hthor\\Documents\\NucampFolder\\Python\\3-DevOps\\Portfolio\\Portfolio concrete and engineering\\Concrete\\src\\api\\clients.py', reloading
INFO:werkzeug: * Restarting with stat
WARNING:werkzeug: * Debugger is active!
INFO:werkzeug: * Debugger PIN: 303-400-906
INFO:sqlalchemy.engine.Engine:select pg_catalog.version()
INFO:sqlalchemy.engine.Engine:[raw sql] {}
INFO:sqlalchemy.engine.Engine:select current_schema()
INFO:sqlalchemy.engine.Engine:[raw sql] {}
INFO:sqlalchemy.engine.Engine:show standard_conforming_strings
INFO:sqlalchemy.engine.Engine:[raw sql] {}
INFO:sqlalchemy.engine.Engine:BEGIN (implicit)
INFO:sqlalchemy.engine.Engine:INSERT INTO clients (name, address, city, state, postalcode, country) VALUES (%(name)s, %(address)s, %(city)s, %(state)s, %(postalcode)s, %(country)s) RETURNING clients.id
INFO:sqlalchemy.engine.Engine:[generated in 0.00085s] {'name': 'awesome cool', 'address': None, 'city': 'Shelbyville', 'state': 'Child', 'postalcode': None, 'country': 'USA'}
INFO:sqlalchemy.engine.Engine:ROLLBACK
INFO:werkzeug:127.0.0.1 - - [01/Mar/2023 19:42:16] "[35m[1mPOST /api/clients HTTP/1.1[0m" 500 -
INFO:werkzeug:127.0.0.1 - - [01/Mar/2023 19:42:19] "[36mGET /api/clients?__debugger__=yes&cmd=resource&f=debugger.js HTTP/1.1[0m" 304 -
INFO:werkzeug:127.0.0.1 - - [01/Mar/2023 19:42:19] "[36mGET /api/clients?__debugger__=yes&cmd=resource&f=style.css HTTP/1.1[0m" 304 -
INFO:werkzeug:127.0.0.1 - - [01/Mar/2023 19:42:19] "[36mGET /api/clients?__debugger__=yes&cmd=resource&f=console.png HTTP/1.1[0m" 304 -
INFO:werkzeug: * Detected change in 'C:\\Users\\hthor\\Documents\\NucampFolder\\Python\\3-DevOps\\Portfolio\\Portfolio concrete and engineering\\Concrete\\src\\api\\clients.py', reloading
INFO:werkzeug: * Restarting with stat
WARNING:werkzeug: * Debugger is active!
INFO:werkzeug: * Debugger PIN: 303-400-906
INFO:sqlalchemy.engine.Engine:select pg_catalog.version()
INFO:sqlalchemy.engine.Engine:[raw sql] {}
INFO:sqlalchemy.engine.Engine:select current_schema()
INFO:sqlalchemy.engine.Engine:[raw sql] {}
INFO:sqlalchemy.engine.Engine:show standard_conforming_strings
INFO:sqlalchemy.engine.Engine:[raw sql] {}
INFO:sqlalchemy.engine.Engine:BEGIN (implicit)
INFO:sqlalchemy.engine.Engine:INSERT INTO clients (name, address, city, state, postalcode, country) VALUES (%(name)s, %(address)s, %(city)s, %(state)s, %(postalcode)s, %(country)s) RETURNING clients.id
INFO:sqlalchemy.engine.Engine:[generated in 0.00099s] {'name': 'awesome cool', 'address': None, 'city': 'Shelbyville', 'state': 'Child', 'postalcode': None, 'country': 'USA'}
INFO:sqlalchemy.engine.Engine:ROLLBACK
INFO:werkzeug:127.0.0.1 - - [01/Mar/2023 19:43:17] "[35m[1mPOST /api/clients HTTP/1.1[0m" 500 -
INFO:werkzeug:127.0.0.1 - - [01/Mar/2023 19:43:19] "[36mGET /api/clients?__debugger__=yes&cmd=resource&f=style.css HTTP/1.1[0m" 304 -
INFO:werkzeug:127.0.0.1 - - [01/Mar/2023 19:43:19] "[36mGET /api/clients?__debugger__=yes&cmd=resource&f=debugger.js HTTP/1.1[0m" 304 -
INFO:werkzeug:127.0.0.1 - - [01/Mar/2023 19:43:20] "[36mGET /api/clients?__debugger__=yes&cmd=resource&f=console.png HTTP/1.1[0m" 304 -
INFO:werkzeug: * Detected change in 'C:\\Users\\hthor\\Documents\\NucampFolder\\Python\\3-DevOps\\Portfolio\\Portfolio concrete and engineering\\Concrete\\src\\api\\clients.py', reloading
INFO:werkzeug: * Restarting with stat
WARNING:werkzeug: * Debugger is active!
INFO:werkzeug: * Debugger PIN: 303-400-906
INFO:sqlalchemy.engine.Engine:select pg_catalog.version()
INFO:sqlalchemy.engine.Engine:[raw sql] {}
INFO:sqlalchemy.engine.Engine:select current_schema()
INFO:sqlalchemy.engine.Engine:[raw sql] {}
INFO:sqlalchemy.engine.Engine:show standard_conforming_strings
INFO:sqlalchemy.engine.Engine:[raw sql] {}
INFO:sqlalchemy.engine.Engine:BEGIN (implicit)
INFO:sqlalchemy.engine.Engine:INSERT INTO clients (name, address, city, state, postalcode, country) VALUES (%(name)s, %(address)s, %(city)s, %(state)s, %(postalcode)s, %(country)s) RETURNING clients.id
INFO:sqlalchemy.engine.Engine:[generated in 0.00100s] {'name': 'awesome cool', 'address': None, 'city': 'Shelbyville', 'state': 'Child', 'postalcode': None, 'country': 'USA'}
INFO:sqlalchemy.engine.Engine:ROLLBACK
INFO:werkzeug:127.0.0.1 - - [01/Mar/2023 19:44:18] "[35m[1mPOST /api/clients HTTP/1.1[0m" 500 -
INFO:werkzeug:127.0.0.1 - - [01/Mar/2023 19:44:20] "[36mGET /api/clients?__debugger__=yes&cmd=resource&f=style.css HTTP/1.1[0m" 304 -
INFO:werkzeug:127.0.0.1 - - [01/Mar/2023 19:44:20] "[36mGET /api/clients?__debugger__=yes&cmd=resource&f=debugger.js HTTP/1.1[0m" 304 -
INFO:werkzeug:127.0.0.1 - - [01/Mar/2023 19:44:20] "[36mGET /api/clients?__debugger__=yes&cmd=resource&f=console.png HTTP/1.1[0m" 304 -
INFO:werkzeug: * Detected change in 'C:\\Users\\hthor\\Documents\\NucampFolder\\Python\\3-DevOps\\Portfolio\\Portfolio concrete and engineering\\Concrete\\src\\api\\clients.py', reloading
INFO:werkzeug: * Restarting with stat
WARNING:werkzeug: * Debugger is active!
INFO:werkzeug: * Debugger PIN: 303-400-906
INFO:sqlalchemy.engine.Engine:select pg_catalog.version()
INFO:sqlalchemy.engine.Engine:[raw sql] {}
INFO:sqlalchemy.engine.Engine:select current_schema()
INFO:sqlalchemy.engine.Engine:[raw sql] {}
INFO:sqlalchemy.engine.Engine:show standard_conforming_strings
INFO:sqlalchemy.engine.Engine:[raw sql] {}
INFO:sqlalchemy.engine.Engine:BEGIN (implicit)
INFO:sqlalchemy.engine.Engine:INSERT INTO clients (name, address, city, state, postalcode, country) VALUES (%(name)s, %(address)s, %(city)s, %(state)s, %(postalcode)s, %(country)s) RETURNING clients.id
INFO:sqlalchemy.engine.Engine:[generated in 0.00075s] {'name': 'awesome cool', 'address': None, 'city': 'Shelbyville', 'state': 'Child', 'postalcode': None, 'country': 'USA'}
INFO:sqlalchemy.engine.Engine:ROLLBACK
ERROR:root:(psycopg2.errors.StringDataRightTruncation) value too long for type character varying(2)

[SQL: INSERT INTO clients (name, address, city, state, postalcode, country) VALUES (%(name)s, %(address)s, %(city)s, %(state)s, %(postalcode)s, %(country)s) RETURNING clients.id]
[parameters: {'name': 'awesome cool', 'address': None, 'city': 'Shelbyville', 'state': 'Child', 'postalcode': None, 'country': 'USA'}]
(Background on this error at: https://sqlalche.me/e/20/9h9h)
INFO:werkzeug:127.0.0.1 - - [01/Mar/2023 19:45:08] "[35m[1mPOST /api/clients HTTP/1.1[0m" 500 -
INFO:werkzeug:127.0.0.1 - - [01/Mar/2023 19:45:11] "[36mGET /api/clients?__debugger__=yes&cmd=resource&f=debugger.js HTTP/1.1[0m" 304 -
INFO:werkzeug:127.0.0.1 - - [01/Mar/2023 19:45:11] "[36mGET /api/clients?__debugger__=yes&cmd=resource&f=style.css HTTP/1.1[0m" 304 -
INFO:werkzeug:127.0.0.1 - - [01/Mar/2023 19:45:12] "[36mGET /api/clients?__debugger__=yes&cmd=resource&f=console.png HTTP/1.1[0m" 304 -
INFO:werkzeug: * Detected change in 'C:\\Users\\hthor\\Documents\\NucampFolder\\Python\\3-DevOps\\Portfolio\\Portfolio concrete and engineering\\Concrete\\src\\api\\clients.py', reloading
INFO:werkzeug: * Restarting with stat
INFO:werkzeug: * Restarting with stat
INFO:werkzeug: * Restarting with stat
WARNING:werkzeug: * Debugger is active!
INFO:werkzeug: * Debugger PIN: 303-400-906
INFO:sqlalchemy.engine.Engine:select pg_catalog.version()
INFO:sqlalchemy.engine.Engine:[raw sql] {}
INFO:sqlalchemy.engine.Engine:select current_schema()
INFO:sqlalchemy.engine.Engine:[raw sql] {}
INFO:sqlalchemy.engine.Engine:show standard_conforming_strings
INFO:sqlalchemy.engine.Engine:[raw sql] {}
INFO:sqlalchemy.engine.Engine:BEGIN (implicit)
INFO:sqlalchemy.engine.Engine:INSERT INTO clients (name, address, city, state, postalcode, country) VALUES (%(name)s, %(address)s, %(city)s, %(state)s, %(postalcode)s, %(country)s) RETURNING clients.id
INFO:sqlalchemy.engine.Engine:[generated in 0.00267s] {'name': 'awesome cool', 'address': None, 'city': 'Shelbyville', 'state': 'Child', 'postalcode': None, 'country': 'USA'}
INFO:sqlalchemy.engine.Engine:ROLLBACK
ERROR:root:(psycopg2.errors.StringDataRightTruncation) value too long for type character varying(2)

[SQL: INSERT INTO clients (name, address, city, state, postalcode, country) VALUES (%(name)s, %(address)s, %(city)s, %(state)s, %(postalcode)s, %(country)s) RETURNING clients.id]
[parameters: {'name': 'awesome cool', 'address': None, 'city': 'Shelbyville', 'state': 'Child', 'postalcode': None, 'country': 'USA'}]
(Background on this error at: https://sqlalche.me/e/20/9h9h)
INFO:werkzeug:127.0.0.1 - - [01/Mar/2023 19:46:20] "[31m[1mPOST /api/clients HTTP/1.1[0m" 400 -
INFO:werkzeug: * Detected change in 'C:\\Users\\hthor\\Documents\\NucampFolder\\Python\\3-DevOps\\Portfolio\\Portfolio concrete and engineering\\Concrete\\src\\api\\clients.py', reloading
INFO:werkzeug: * Restarting with stat
ERROR:root:(psycopg2.errors.StringDataRightTruncation) value too long for type character varying(2)

[SQL: INSERT INTO clients (name, address, city, state, postalcode, country) VALUES (%(name)s, %(address)s, %(city)s, %(state)s, %(postalcode)s, %(country)s) RETURNING clients.id]
[parameters: {'name': 'awesome cool', 'address': None, 'city': 'Shelbyville', 'state': 'Child', 'postalcode': None, 'country': 'USA'}]
(Background on this error at: https://sqlalche.me/e/20/9h9h)
INFO:werkzeug:127.0.0.1 - - [01/Mar/2023 19:47:33] "[31m[1mPOST /api/clients HTTP/1.1[0m" 400 -
INFO:werkzeug: * Detected change in 'C:\\Users\\hthor\\Documents\\NucampFolder\\Python\\3-DevOps\\Portfolio\\Portfolio concrete and engineering\\Concrete\\src\\api\\clients.py', reloading
INFO:werkzeug: * Restarting with stat
WARNING:werkzeug: * Debugger is active!
INFO:werkzeug: * Debugger PIN: 303-400-906
INFO:werkzeug: * Detected change in 'C:\\Users\\hthor\\Documents\\NucampFolder\\Python\\3-DevOps\\Portfolio\\Portfolio concrete and engineering\\Concrete\\src\\api\\clients.py', reloading
INFO:werkzeug: * Restarting with stat
WARNING:werkzeug: * Debugger is active!
INFO:werkzeug: * Debugger PIN: 303-400-906
INFO:sqlalchemy.engine.Engine:select pg_catalog.version()
INFO:sqlalchemy.engine.Engine:[raw sql] {}
INFO:sqlalchemy.engine.Engine:select current_schema()
INFO:sqlalchemy.engine.Engine:[raw sql] {}
INFO:sqlalchemy.engine.Engine:show standard_conforming_strings
INFO:sqlalchemy.engine.Engine:[raw sql] {}
INFO:sqlalchemy.engine.Engine:BEGIN (implicit)
INFO:sqlalchemy.engine.Engine:SELECT clients.id AS clients_id, clients.name AS clients_name, clients.address AS clients_address, clients.city AS clients_city, clients.state AS clients_state, clients.postalcode AS clients_postalcode, clients.country AS clients_country 
FROM clients
INFO:sqlalchemy.engine.Engine:[generated in 0.00078s] {}
INFO:sqlalchemy.engine.Engine:ROLLBACK
INFO:werkzeug:127.0.0.1 - - [01/Mar/2023 19:49:15] "GET /api/clients HTTP/1.1" 200 -
INFO:sqlalchemy.engine.Engine:BEGIN (implicit)
INFO:sqlalchemy.engine.Engine:SELECT clients.id AS clients_id, clients.name AS clients_name, clients.address AS clients_address, clients.city AS clients_city, clients.state AS clients_state, clients.postalcode AS clients_postalcode, clients.country AS clients_country 
FROM clients
INFO:sqlalchemy.engine.Engine:[cached since 9.352s ago] {}
INFO:sqlalchemy.engine.Engine:ROLLBACK
INFO:werkzeug:127.0.0.1 - - [01/Mar/2023 19:49:24] "GET /api/clients HTTP/1.1" 200 -
INFO:sqlalchemy.engine.Engine:BEGIN (implicit)
INFO:sqlalchemy.engine.Engine:INSERT INTO clients (name, address, city, state, postalcode, country) VALUES (%(name)s, %(address)s, %(city)s, %(state)s, %(postalcode)s, %(country)s) RETURNING clients.id
INFO:sqlalchemy.engine.Engine:[generated in 0.00110s] {'name': 'awesome cool', 'address': None, 'city': 'Shelbyville', 'state': 'KY', 'postalcode': None, 'country': 'USA'}
INFO:sqlalchemy.engine.Engine:COMMIT
INFO:sqlalchemy.engine.Engine:BEGIN (implicit)
INFO:sqlalchemy.engine.Engine:SELECT clients.id AS clients_id, clients.name AS clients_name, clients.address AS clients_address, clients.city AS clients_city, clients.state AS clients_state, clients.postalcode AS clients_postalcode, clients.country AS clients_country 
FROM clients 
WHERE clients.id = %(pk_1)s
INFO:sqlalchemy.engine.Engine:[generated in 0.00102s] {'pk_1': 2}
INFO:sqlalchemy.engine.Engine:ROLLBACK
INFO:werkzeug:127.0.0.1 - - [01/Mar/2023 19:49:40] "POST /api/clients HTTP/1.1" 200 -
INFO:werkzeug: * Detected change in 'C:\\Users\\hthor\\Documents\\NucampFolder\\Python\\3-DevOps\\Portfolio\\Portfolio concrete and engineering\\Concrete\\src\\api\\clients.py', reloading
INFO:werkzeug: * Restarting with stat
INFO:werkzeug: * Restarting with stat
WARNING:werkzeug: * Debugger is active!
INFO:werkzeug: * Debugger PIN: 303-400-906
INFO:sqlalchemy.engine.Engine:select pg_catalog.version()
INFO:sqlalchemy.engine.Engine:[raw sql] {}
INFO:sqlalchemy.engine.Engine:select current_schema()
INFO:sqlalchemy.engine.Engine:[raw sql] {}
INFO:sqlalchemy.engine.Engine:show standard_conforming_strings
INFO:sqlalchemy.engine.Engine:[raw sql] {}
INFO:sqlalchemy.engine.Engine:BEGIN (implicit)
INFO:sqlalchemy.engine.Engine:INSERT INTO clients (name, address, city, state, postalcode, country) VALUES (%(name)s, %(address)s, %(city)s, %(state)s, %(postalcode)s, %(country)s) RETURNING clients.id
INFO:sqlalchemy.engine.Engine:[generated in 0.00108s] {'name': 'awesome cool', 'address': None, 'city': 'Shelbyville', 'state': 'UGLY', 'postalcode': None, 'country': 'USA'}
INFO:sqlalchemy.engine.Engine:ROLLBACK
ERROR:root:(psycopg2.errors.StringDataRightTruncation) value too long for type character varying(2)

[SQL: INSERT INTO clients (name, address, city, state, postalcode, country) VALUES (%(name)s, %(address)s, %(city)s, %(state)s, %(postalcode)s, %(country)s) RETURNING clients.id]
[parameters: {'name': 'awesome cool', 'address': None, 'city': 'Shelbyville', 'state': 'UGLY', 'postalcode': None, 'country': 'USA'}]
(Background on this error at: https://sqlalche.me/e/20/9h9h)
INFO:werkzeug:127.0.0.1 - - [01/Mar/2023 19:50:33] "[35m[1mPOST /api/clients HTTP/1.1[0m" 500 -
INFO:werkzeug:127.0.0.1 - - [01/Mar/2023 19:50:36] "[36mGET /api/clients?__debugger__=yes&cmd=resource&f=style.css HTTP/1.1[0m" 304 -
INFO:werkzeug:127.0.0.1 - - [01/Mar/2023 19:50:36] "[36mGET /api/clients?__debugger__=yes&cmd=resource&f=debugger.js HTTP/1.1[0m" 304 -
INFO:werkzeug:127.0.0.1 - - [01/Mar/2023 19:50:36] "[36mGET /api/clients?__debugger__=yes&cmd=resource&f=console.png HTTP/1.1[0m" 304 -
INFO:sqlalchemy.engine.Engine:BEGIN (implicit)
INFO:sqlalchemy.engine.Engine:SELECT clients.id AS clients_id, clients.name AS clients_name, clients.address AS clients_address, clients.city AS clients_city, clients.state AS clients_state, clients.postalcode AS clients_postalcode, clients.country AS clients_country 
FROM clients
INFO:sqlalchemy.engine.Engine:[generated in 0.00075s] {}
INFO:sqlalchemy.engine.Engine:ROLLBACK
INFO:werkzeug:127.0.0.1 - - [01/Mar/2023 19:52:59] "GET /api/clients HTTP/1.1" 200 -
INFO:werkzeug:127.0.0.1 - - [01/Mar/2023 19:53:04] "[36mGET /api/clients/1?__debugger__=yes&cmd=resource&f=debugger.js HTTP/1.1[0m" 304 -
INFO:werkzeug:127.0.0.1 - - [01/Mar/2023 19:53:04] "[36mGET /api/clients/1?__debugger__=yes&cmd=resource&f=style.css HTTP/1.1[0m" 304 -
INFO:werkzeug:127.0.0.1 - - [01/Mar/2023 19:53:04] "[36mGET /api/clients/1?__debugger__=yes&cmd=resource&f=console.png HTTP/1.1[0m" 304 -
INFO:sqlalchemy.engine.Engine:BEGIN (implicit)
INFO:sqlalchemy.engine.Engine:SELECT clients.id AS clients_id, clients.name AS clients_name, clients.address AS clients_address, clients.city AS clients_city, clients.state AS clients_state, clients.postalcode AS clients_postalcode, clients.country AS clients_country 
FROM clients 
WHERE clients.id = %(pk_1)s
INFO:sqlalchemy.engine.Engine:[generated in 0.00138s] {'pk_1': 1}
INFO:sqlalchemy.engine.Engine:ROLLBACK
INFO:werkzeug:127.0.0.1 - - [01/Mar/2023 19:53:05] "GET /api/clients/1 HTTP/1.1" 200 -
INFO:sqlalchemy.engine.Engine:BEGIN (implicit)
INFO:sqlalchemy.engine.Engine:SELECT clients.id AS clients_id, clients.name AS clients_name, clients.address AS clients_address, clients.city AS clients_city, clients.state AS clients_state, clients.postalcode AS clients_postalcode, clients.country AS clients_country 
FROM clients 
WHERE clients.id = %(pk_1)s
INFO:sqlalchemy.engine.Engine:[cached since 6.872s ago] {'pk_1': 4}
INFO:sqlalchemy.engine.Engine:ROLLBACK
INFO:werkzeug:127.0.0.1 - - [01/Mar/2023 19:53:11] "[33mGET /api/clients/4 HTTP/1.1[0m" 404 -
INFO:sqlalchemy.engine.Engine:BEGIN (implicit)
INFO:sqlalchemy.engine.Engine:SELECT clients.id AS clients_id, clients.name AS clients_name, clients.address AS clients_address, clients.city AS clients_city, clients.state AS clients_state, clients.postalcode AS clients_postalcode, clients.country AS clients_country 
FROM clients 
WHERE clients.id = %(pk_1)s
INFO:sqlalchemy.engine.Engine:[cached since 21.1s ago] {'pk_1': 4}
INFO:sqlalchemy.engine.Engine:ROLLBACK
INFO:werkzeug:127.0.0.1 - - [01/Mar/2023 19:53:26] "[33mGET /api/clients/4 HTTP/1.1[0m" 404 -
INFO:werkzeug: * Detected change in 'C:\\Users\\hthor\\Documents\\NucampFolder\\Python\\3-DevOps\\Portfolio\\Portfolio concrete and engineering\\Concrete\\src\\api\\clients.py', reloading
INFO:werkzeug: * Restarting with stat
WARNING:werkzeug: * Debugger is active!
INFO:werkzeug: * Debugger PIN: 303-400-906
INFO:sqlalchemy.engine.Engine:select pg_catalog.version()
INFO:sqlalchemy.engine.Engine:[raw sql] {}
INFO:sqlalchemy.engine.Engine:select current_schema()
INFO:sqlalchemy.engine.Engine:[raw sql] {}
INFO:sqlalchemy.engine.Engine:show standard_conforming_strings
INFO:sqlalchemy.engine.Engine:[raw sql] {}
INFO:sqlalchemy.engine.Engine:BEGIN (implicit)
INFO:sqlalchemy.engine.Engine:SELECT clients.id AS clients_id, clients.name AS clients_name, clients.address AS clients_address, clients.city AS clients_city, clients.state AS clients_state, clients.postalcode AS clients_postalcode, clients.country AS clients_country 
FROM clients 
WHERE clients.id = %(pk_1)s
INFO:sqlalchemy.engine.Engine:[generated in 0.00078s] {'pk_1': 4}
INFO:sqlalchemy.engine.Engine:ROLLBACK
INFO:werkzeug:127.0.0.1 - - [01/Mar/2023 20:00:29] "[33mGET /api/clients/4 HTTP/1.1[0m" 404 -
INFO:sqlalchemy.engine.Engine:BEGIN (implicit)
INFO:sqlalchemy.engine.Engine:SELECT clients.id AS clients_id, clients.name AS clients_name, clients.address AS clients_address, clients.city AS clients_city, clients.state AS clients_state, clients.postalcode AS clients_postalcode, clients.country AS clients_country 
FROM clients 
WHERE clients.id = %(pk_1)s
INFO:sqlalchemy.engine.Engine:[cached since 11.92s ago] {'pk_1': 4}
INFO:sqlalchemy.engine.Engine:ROLLBACK
INFO:werkzeug:127.0.0.1 - - [01/Mar/2023 20:00:41] "[33mGET /api/clients/4 HTTP/1.1[0m" 404 -
INFO:werkzeug:127.0.0.1 - - [01/Mar/2023 20:01:34] "[36mGET /api/clients?__debugger__=yes&cmd=resource&f=style.css HTTP/1.1[0m" 304 -
INFO:werkzeug:127.0.0.1 - - [01/Mar/2023 20:01:34] "[36mGET /api/clients?__debugger__=yes&cmd=resource&f=debugger.js HTTP/1.1[0m" 304 -
INFO:werkzeug:127.0.0.1 - - [01/Mar/2023 20:01:35] "[36mGET /api/clients?__debugger__=yes&cmd=resource&f=console.png HTTP/1.1[0m" 304 -
INFO:sqlalchemy.engine.Engine:BEGIN (implicit)
INFO:sqlalchemy.engine.Engine:INSERT INTO clients (name, address, city, state, postalcode, country) VALUES (%(name)s, %(address)s, %(city)s, %(state)s, %(postalcode)s, %(country)s) RETURNING clients.id
INFO:sqlalchemy.engine.Engine:[generated in 0.00085s] {'name': 'awesome cool', 'address': None, 'city': 'Shelbyville', 'state': 'UGLY', 'postalcode': None, 'country': 'USA'}
INFO:sqlalchemy.engine.Engine:ROLLBACK
ERROR:root:(psycopg2.errors.StringDataRightTruncation) value too long for type character varying(2)

[SQL: INSERT INTO clients (name, address, city, state, postalcode, country) VALUES (%(name)s, %(address)s, %(city)s, %(state)s, %(postalcode)s, %(country)s) RETURNING clients.id]
[parameters: {'name': 'awesome cool', 'address': None, 'city': 'Shelbyville', 'state': 'UGLY', 'postalcode': None, 'country': 'USA'}]
(Background on this error at: https://sqlalche.me/e/20/9h9h)
INFO:werkzeug:127.0.0.1 - - [01/Mar/2023 20:01:36] "[35m[1mPOST /api/clients HTTP/1.1[0m" 500 -
INFO:werkzeug:127.0.0.1 - - [01/Mar/2023 20:01:38] "[36mGET /api/clients?__debugger__=yes&cmd=resource&f=style.css HTTP/1.1[0m" 304 -
INFO:werkzeug:127.0.0.1 - - [01/Mar/2023 20:01:38] "[36mGET /api/clients?__debugger__=yes&cmd=resource&f=debugger.js HTTP/1.1[0m" 304 -
INFO:werkzeug:127.0.0.1 - - [01/Mar/2023 20:01:38] "[36mGET /api/clients?__debugger__=yes&cmd=resource&f=console.png HTTP/1.1[0m" 304 -
INFO:werkzeug: * Detected change in 'C:\\Users\\hthor\\Documents\\NucampFolder\\Python\\3-DevOps\\Portfolio\\Portfolio concrete and engineering\\Concrete\\src\\api\\clients.py', reloading
INFO:werkzeug: * Restarting with stat
WARNING:werkzeug: * Debugger is active!
INFO:werkzeug: * Debugger PIN: 303-400-906
INFO:sqlalchemy.engine.Engine:select pg_catalog.version()
INFO:sqlalchemy.engine.Engine:[raw sql] {}
INFO:sqlalchemy.engine.Engine:select current_schema()
INFO:sqlalchemy.engine.Engine:[raw sql] {}
INFO:sqlalchemy.engine.Engine:show standard_conforming_strings
INFO:sqlalchemy.engine.Engine:[raw sql] {}
INFO:sqlalchemy.engine.Engine:BEGIN (implicit)
INFO:sqlalchemy.engine.Engine:INSERT INTO clients (name, address, city, state, postalcode, country) VALUES (%(name)s, %(address)s, %(city)s, %(state)s, %(postalcode)s, %(country)s) RETURNING clients.id
INFO:sqlalchemy.engine.Engine:[generated in 0.00095s] {'name': 'awesome cool', 'address': None, 'city': 'Shelbyville', 'state': 'UGLY', 'postalcode': None, 'country': 'USA'}
INFO:sqlalchemy.engine.Engine:ROLLBACK
ERROR:root:(psycopg2.errors.StringDataRightTruncation) value too long for type character varying(2)

[SQL: INSERT INTO clients (name, address, city, state, postalcode, country) VALUES (%(name)s, %(address)s, %(city)s, %(state)s, %(postalcode)s, %(country)s) RETURNING clients.id]
[parameters: {'name': 'awesome cool', 'address': None, 'city': 'Shelbyville', 'state': 'UGLY', 'postalcode': None, 'country': 'USA'}]
(Background on this error at: https://sqlalche.me/e/20/9h9h)
INFO:werkzeug:127.0.0.1 - - [01/Mar/2023 20:04:49] "[35m[1mPOST /api/clients HTTP/1.1[0m" 500 -
INFO:werkzeug:127.0.0.1 - - [01/Mar/2023 20:04:52] "[36mGET /api/clients?__debugger__=yes&cmd=resource&f=debugger.js HTTP/1.1[0m" 304 -
INFO:werkzeug:127.0.0.1 - - [01/Mar/2023 20:04:52] "[36mGET /api/clients?__debugger__=yes&cmd=resource&f=style.css HTTP/1.1[0m" 304 -
INFO:werkzeug:127.0.0.1 - - [01/Mar/2023 20:04:52] "[36mGET /api/clients?__debugger__=yes&cmd=resource&f=console.png HTTP/1.1[0m" 304 -
INFO:werkzeug: * Detected change in 'C:\\Users\\hthor\\Documents\\NucampFolder\\Python\\3-DevOps\\Portfolio\\Portfolio concrete and engineering\\Concrete\\src\\api\\clients.py', reloading
INFO:werkzeug: * Restarting with stat
WARNING:werkzeug: * Debugger is active!
INFO:werkzeug: * Debugger PIN: 303-400-906
INFO:werkzeug: * Detected change in 'C:\\Users\\hthor\\Documents\\NucampFolder\\Python\\3-DevOps\\Portfolio\\Portfolio concrete and engineering\\Concrete\\src\\api\\clients.py', reloading
INFO:werkzeug: * Restarting with stat
WARNING:werkzeug: * Debugger is active!
INFO:werkzeug: * Debugger PIN: 303-400-906
INFO:werkzeug: * Detected change in 'C:\\Users\\hthor\\Documents\\NucampFolder\\Python\\3-DevOps\\Portfolio\\Portfolio concrete and engineering\\Concrete\\src\\api\\clients.py', reloading
INFO:werkzeug: * Restarting with stat
WARNING:werkzeug: * Debugger is active!
INFO:werkzeug: * Debugger PIN: 303-400-906
INFO:sqlalchemy.engine.Engine:select pg_catalog.version()
INFO:sqlalchemy.engine.Engine:[raw sql] {}
INFO:sqlalchemy.engine.Engine:select current_schema()
INFO:sqlalchemy.engine.Engine:[raw sql] {}
INFO:sqlalchemy.engine.Engine:show standard_conforming_strings
INFO:sqlalchemy.engine.Engine:[raw sql] {}
INFO:sqlalchemy.engine.Engine:BEGIN (implicit)
INFO:sqlalchemy.engine.Engine:INSERT INTO clients (name, address, city, state, postalcode, country) VALUES (%(name)s, %(address)s, %(city)s, %(state)s, %(postalcode)s, %(country)s) RETURNING clients.id
INFO:sqlalchemy.engine.Engine:[generated in 0.00085s] {'name': 'awesome cool', 'address': None, 'city': 'Shelbyville', 'state': 'UGLY', 'postalcode': None, 'country': 'USA'}
INFO:sqlalchemy.engine.Engine:ROLLBACK
INFO:werkzeug:127.0.0.1 - - [01/Mar/2023 20:07:14] "[31m[1mPOST /api/clients HTTP/1.1[0m" 400 -
INFO:sqlalchemy.engine.Engine:BEGIN (implicit)
INFO:sqlalchemy.engine.Engine:INSERT INTO clients (name, address, city, state, postalcode, country) VALUES (%(name)s, %(address)s, %(city)s, %(state)s, %(postalcode)s, %(country)s) RETURNING clients.id
INFO:sqlalchemy.engine.Engine:[cached since 9.954s ago] {'name': 'awesome cool', 'address': None, 'city': 'Shelbyville', 'state': 'UGLY', 'postalcode': None, 'country': 'USA'}
INFO:sqlalchemy.engine.Engine:ROLLBACK
INFO:werkzeug:127.0.0.1 - - [01/Mar/2023 20:07:24] "[31m[1mPOST /api/clients HTTP/1.1[0m" 400 -
INFO:werkzeug: * Detected change in 'C:\\Users\\hthor\\Documents\\NucampFolder\\Python\\3-DevOps\\Portfolio\\Portfolio concrete and engineering\\Concrete\\src\\api\\clients.py', reloading
INFO:werkzeug: * Restarting with stat
WARNING:werkzeug: * Debugger is active!
INFO:werkzeug: * Debugger PIN: 303-400-906
INFO:werkzeug: * Detected change in 'C:\\Users\\hthor\\Documents\\NucampFolder\\Python\\3-DevOps\\Portfolio\\Portfolio concrete and engineering\\Concrete\\src\\settings.py', reloading
INFO:werkzeug: * Restarting with stat
WARNING:werkzeug: * Debugger is active!
INFO:werkzeug: * Debugger PIN: 303-400-906
INFO:werkzeug: * Detected change in 'C:\\Users\\hthor\\Documents\\NucampFolder\\Python\\3-DevOps\\Portfolio\\Portfolio concrete and engineering\\Concrete\\src\\api\\sets.py', reloading
INFO:werkzeug: * Restarting with stat
WARNING:werkzeug: * Debugger is active!
INFO:werkzeug: * Debugger PIN: 303-400-906
INFO:werkzeug: * Detected change in 'C:\\Users\\hthor\\Documents\\NucampFolder\\Python\\3-DevOps\\Portfolio\\Portfolio concrete and engineering\\Concrete\\Setup\\main.py', reloading
INFO:werkzeug: * Restarting with stat
WARNING:werkzeug: * Debugger is active!
INFO:werkzeug: * Debugger PIN: 303-400-906
INFO:werkzeug: * Detected change in 'C:\\Users\\hthor\\Documents\\NucampFolder\\Python\\3-DevOps\\Portfolio\\Portfolio concrete and engineering\\Concrete\\Setup\\main.py', reloading
INFO:werkzeug: * Restarting with stat
WARNING:werkzeug: * Debugger is active!
INFO:werkzeug: * Debugger PIN: 303-400-906
INFO:werkzeug: * Detected change in 'C:\\Users\\hthor\\Documents\\NucampFolder\\Python\\3-DevOps\\Portfolio\\Portfolio concrete and engineering\\Concrete\\Setup\\main.py', reloading
INFO:werkzeug: * Restarting with stat
WARNING:werkzeug: * Debugger is active!
INFO:werkzeug: * Debugger PIN: 303-400-906
INFO:werkzeug: * Detected change in 'C:\\Users\\hthor\\Documents\\NucampFolder\\Python\\3-DevOps\\Portfolio\\Portfolio concrete and engineering\\Concrete\\Setup\\main.py', reloading
INFO:werkzeug: * Restarting with stat
WARNING:werkzeug: * Debugger is active!
INFO:werkzeug: * Debugger PIN: 303-400-906
INFO:werkzeug: * Detected change in 'C:\\Users\\hthor\\Documents\\NucampFolder\\Python\\3-DevOps\\Portfolio\\Portfolio concrete and engineering\\Concrete\\Setup\\main.py', reloading
INFO:werkzeug: * Restarting with stat
WARNING:werkzeug: * Debugger is active!
INFO:werkzeug: * Debugger PIN: 303-400-906
INFO:werkzeug: * Detected change in 'C:\\Users\\hthor\\Documents\\NucampFolder\\Python\\3-DevOps\\Portfolio\\Portfolio concrete and engineering\\Concrete\\Setup\\main.py', reloading
INFO:werkzeug: * Restarting with stat
WARNING:werkzeug: * Debugger is active!
INFO:werkzeug: * Debugger PIN: 303-400-906
